<?xml version="1.0" encoding="UTF-8"?>
<!-- Generated by org.testng.reporters.JUnitReportReporter -->
<testsuite hostname="COG-SYS-053" failures="0" tests="3" name="testcases.TicketingGroupTest" time="96.759" errors="0" timestamp="2021-07-14T20:24:34 IST" skipped="0">
  <testcase classname="testcases.TicketingGroupTest" name="verifyAddGroup" time="30.461"/>
  <system-out/>
  <testcase classname="testcases.TicketingGroupTest" name="verifyCancelButton" time="34.059"/>
  <system-out/>
  <testcase classname="testcases.TicketingGroupTest" name="verifyNoRecordsMessage" time="32.239"/>
  <system-out/>
</testsuite> <!-- testcases.TicketingGroupTest -->
