<?xml version="1.0" encoding="UTF-8"?>
<!-- Generated by org.testng.reporters.JUnitReportReporter -->
<testsuite hostname="COG-SYS-053" failures="0" tests="1" name="testcases.TicketGroupListingTest" time="39.217" errors="0" timestamp="2021-06-30T00:44:12 IST" skipped="0">
  <testcase classname="testcases.TicketGroupListingTest" name="verifySearchFunctionality" time="39.217"/>
  <system-out/>
</testsuite> <!-- testcases.TicketGroupListingTest -->
