<?xml version="1.0" encoding="UTF-8"?>
<!-- Generated by org.testng.reporters.JUnitReportReporter -->
<testsuite hostname="DESKTOP-V8VPAE9" failures="0" tests="2" name="testcases.ExternalLinkTest" time="64.583" errors="0" timestamp="2021-07-16T15:51:35 IST" skipped="0">
  <testcase classname="testcases.ExternalLinkTest" name="verifyExternalLinkPageUrl" time="38.108"/>
  <system-out/>
  <testcase classname="testcases.ExternalLinkTest" name="verifyCharactersLength" time="26.475"/>
  <system-out/>
</testsuite> <!-- testcases.ExternalLinkTest -->
