<?xml version="1.0" encoding="UTF-8"?>
<!-- Generated by org.testng.reporters.JUnitReportReporter -->
<testsuite hostname="COG-SYS-053" failures="0" tests="6" name="testcases.TicketingServiceBoardTest" time="205.286" errors="0" timestamp="2021-07-14T20:24:34 IST" skipped="0">
  <testcase classname="testcases.TicketingServiceBoardTest" name="verifyDeleteButtonFunctionality" time="6.813"/>
  <system-out/>
  <testcase classname="testcases.TicketingServiceBoardTest" name="verifyServiceboardElements" time="20.982"/>
  <system-out/>
  <testcase classname="testcases.TicketingServiceBoardTest" name="verifyAddServiceBoardGroupOne" time="39.654"/>
  <system-out/>
  <testcase classname="testcases.TicketingServiceBoardTest" name="verifyAddServiceBoardGroupTwo" time="50.431"/>
  <system-out/>
  <testcase classname="testcases.TicketingServiceBoardTest" name="verifyCancelButtonFunctionality" time="46.094"/>
  <system-out/>
  <testcase classname="testcases.TicketingServiceBoardTest" name="verifyUpdateServiceBoardNavigation" time="41.312"/>
  <system-out/>
</testsuite> <!-- testcases.TicketingServiceBoardTest -->
