<?xml version="1.0" encoding="UTF-8"?>
<!-- Generated by org.testng.reporters.JUnitReportReporter -->
<testsuite hostname="COG-SYS-053" failures="0" tests="1" name="testcases.CompanySetupAddUserTest" time="230.650" errors="0" timestamp="2021-07-08T23:09:56 IST" skipped="0">
  <testcase classname="testcases.CompanySetupAddUserTest" name="addNewUser" time="230.650"/>
  <system-out/>
</testsuite> <!-- testcases.CompanySetupAddUserTest -->
