<?xml version="1.0" encoding="UTF-8"?>
<!-- Generated by org.testng.reporters.JUnitReportReporter -->
<testsuite hostname="COG-SYS-053" failures="0" tests="14" name="testcases.AddTicketTest" time="455.874" errors="0" timestamp="2021-06-22T05:16:48 IST" skipped="0">
  <testcase classname="testcases.AddTicketTest" name="verifyTicketForRadioButtons" time="25.520"/>
  <system-out/>
  <testcase classname="testcases.AddTicketTest" name="verifyFontOfUserGuide" time="26.593"/>
  <system-out/>
  <testcase classname="testcases.AddTicketTest" name="verifyProductDropDown" time="33.878"/>
  <system-out/>
  <testcase classname="testcases.AddTicketTest" name="verifyValidationForEmptyUser" time="47.098"/>
  <system-out/>
  <testcase classname="testcases.AddTicketTest" name="verifyTicketCategoryDropdown" time="29.820"/>
  <system-out/>
  <testcase classname="testcases.AddTicketTest" name="verifyTwoRadioButtons" time="30.799"/>
  <system-out/>
  <testcase classname="testcases.AddTicketTest" name="checkAddMoreFunctionality" time="28.910"/>
  <system-out/>
  <testcase classname="testcases.AddTicketTest" name="addOwnTickets" time="35.658"/>
  <system-out/>
  <testcase classname="testcases.AddTicketTest" name="verifyNoValidations" time="26.415"/>
  <system-out/>
  <testcase classname="testcases.AddTicketTest" name="verifyPriorityDeptDropDown" time="29.359"/>
  <system-out/>
  <testcase classname="testcases.AddTicketTest" name="verifyAssignToDeptDropDown" time="31.134"/>
  <system-out/>
  <testcase classname="testcases.AddTicketTest" name="verifyValidations" time="26.476"/>
  <system-out/>
  <testcase classname="testcases.AddTicketTest" name="verifyCharctersInDescriptionField" time="50.203"/>
  <system-out/>
  <testcase classname="testcases.AddTicketTest" name="verifyValidationOnClientsField" time="34.011"/>
  <system-out/>
</testsuite> <!-- testcases.AddTicketTest -->
