<?xml version="1.0" encoding="UTF-8"?>
<!-- Generated by org.testng.reporters.JUnitReportReporter -->
<testsuite hostname="COG-SYS-053" failures="0" tests="12" name="testcases.SLATest" time="680.125" errors="0" timestamp="2021-07-14T20:24:34 IST" skipped="0">
  <testcase classname="testcases.SLATest" name="verifyAddSLA" time="82.991"/>
  <system-out/>
  <testcase classname="testcases.SLATest" name="verifyMandatoryValidation" time="62.198"/>
  <system-out/>
  <testcase classname="testcases.SLATest" name="VerifyCharactersValidation" time="71.384"/>
  <system-out/>
  <testcase classname="testcases.SLATest" name="verifyClientCategoryFunctionality" time="44.736"/>
  <system-out/>
  <testcase classname="testcases.SLATest" name="verifyDepartmentCategoryFunctionality" time="43.243"/>
  <system-out/>
  <testcase classname="testcases.SLATest" name="verifyProductCategoryFunctionality" time="46.731"/>
  <system-out/>
  <testcase classname="testcases.SLATest" name="verifyDeleteButtonFunctionality" time="48.818"/>
  <system-out/>
  <testcase classname="testcases.SLATest" name="verifyPolicyDatePickerFunctionality" time="36.880"/>
  <system-out/>
  <testcase classname="testcases.SLATest" name="verifyBooleanFunctionality" time="55.519"/>
  <system-out/>
  <testcase classname="testcases.SLATest" name="verifyBooleanSaveButtonFunctionality" time="56.910"/>
  <system-out/>
  <testcase classname="testcases.SLATest" name="verifyResponseTimeValidations" time="66.884"/>
  <system-out/>
  <testcase classname="testcases.SLATest" name="verifyResolveTimeValidations" time="63.831"/>
  <system-out/>
</testsuite> <!-- testcases.SLATest -->
